
> techxchange-backend@1.0.0 dev
> nodemon ./dist/server

[33m[nodemon] 3.1.10[39m
[33m[nodemon] to restart at any time, enter `rs`[39m
[33m[nodemon] watching path(s): *.*[39m
[33m[nodemon] watching extensions: js,mjs,cjs,json[39m
[32m[nodemon] starting `node ./dist/server.js`[39m
[dotenv@17.2.1] injecting env (1) from .env -- tip: 🔐 prevent committing .env to code: https://dotenvx.com/precommit
{
  message: [ 'Cache cleaning scheduled to run every 30 minutes' ],
  level: 'info',
  timestamp: '2025-08-26T00:35:18.833Z'
}
info: Cache cleaning scheduled to run every 30 minutes {"timestamp":"2025-08-26T00:35:18.833Z"}
{
  message: [ 'Scheduler service initialized' ],
  level: 'info',
  timestamp: '2025-08-26T00:35:18.835Z'
}
info: Scheduler service initialized {"timestamp":"2025-08-26T00:35:18.835Z"}
Port 5000 is already in use
[31m[nodemon] app crashed - waiting for file changes before starting...[39m
node:events:502
      throw er; // Unhandled 'error' event
      ^

Error: read EIO
    at TTY.onStreamRead (node:internal/stream_base_commons:216:20)
Emitted 'error' event on ReadStream instance at:
    at emitErrorNT (node:internal/streams/destroy:170:8)
    at emitErrorCloseNT (node:internal/streams/destroy:129:3)
    at process.processTicksAndRejections (node:internal/process/task_queues:90:21) {
  errno: -5,
  code: 'EIO',
  syscall: 'read'
}

Node.js v22.13.1
